2026/02/04 10:27:07 Server starting on :8080
2026/02/04 10:27:35 GET /.well-known/appspecific/com.chrome.devtools.json
2026/02/04 10:27:37 GET /login
2026/02/04 10:27:37 GET /callback
2026/02/04 10:27:38 GET /playlists.html
2026/02/04 10:27:38 GET /.well-known/appspecific/com.chrome.devtools.json
2026/02/04 10:27:38 GET /js/api.js
2026/02/04 10:27:38 GET /api/playlists
2026/02/04 10:27:46 GET /game.html
2026/02/04 10:27:46 GET /.well-known/appspecific/com.chrome.devtools.json
2026/02/04 10:27:46 GET /css/game.css
2026/02/04 10:27:46 GET /js/player.js
2026/02/04 10:27:46 GET /js/search.js
2026/02/04 10:27:46 GET /js/game.js
2026/02/04 10:27:46 GET /api/token
2026/02/04 10:27:46 POST /api/game/start
2026/02/04 10:28:01 GET /api/search
2026/02/04 10:28:03 POST /api/game/guess
2026/02/04 10:28:14 GET /api/search
2026/02/04 10:28:15 GET /api/search
2026/02/04 10:28:19 GET /api/search
2026/02/04 10:28:25 POST /api/game/guess
2026/02/04 10:28:34 GET /api/search
2026/02/04 10:28:35 GET /api/search
2026/02/04 10:28:35 GET /api/search
2026/02/04 10:28:36 GET /api/search
2026/02/04 10:28:43 GET /api/search
2026/02/04 10:28:47 GET /api/search
2026/02/04 10:28:48 GET /api/search
2026/02/04 10:28:48 GET /api/search
2026/02/04 10:28:53 POST /api/game/guess
2026/02/04 10:28:55 GET /.well-known/appspecific/com.chrome.devtools.json
2026/02/04 10:28:55 GET /css/styles.css
2026/02/04 10:28:55 GET /js/api.js
2026/02/04 10:28:55 GET /js/auth.js
2026/02/04 10:28:55 GET /js/playlist.js
2026/02/04 10:28:55 GET /api/playlists
2026/02/04 10:29:06 GET /game.html
2026/02/04 10:29:06 GET /.well-known/appspecific/com.chrome.devtools.json
2026/02/04 10:29:06 GET /js/player.js
2026/02/04 10:29:06 GET /css/game.css
2026/02/04 10:29:06 GET /js/search.js
2026/02/04 10:29:06 GET /js/game.js
2026/02/04 10:29:06 GET /api/token
2026/02/04 10:29:06 POST /api/game/start
